nohup: ignoring input
API data entry server is running on 
(node:156111) [MONGODB DRIVER] Warning: useNewUrlParser is a deprecated option: useNewUrlParser has no effect since Node.js Driver version 4.0.0 and will be removed in the next major version
(Use `node --trace-warnings ...` to show where the warning was created)
(node:156111) [MONGODB DRIVER] Warning: useUnifiedTopology is a deprecated option: useUnifiedTopology has no effect since Node.js Driver version 4.0.0 and will be removed in the next major version
(node:156111) [MONGODB DRIVER] Warning: useNewUrlParser is a deprecated option: useNewUrlParser has no effect since Node.js Driver version 4.0.0 and will be removed in the next major version
(node:156111) [MONGODB DRIVER] Warning: useUnifiedTopology is a deprecated option: useUnifiedTopology has no effect since Node.js Driver version 4.0.0 and will be removed in the next major version
(node:156111) [MONGODB DRIVER] Warning: useNewUrlParser is a deprecated option: useNewUrlParser has no effect since Node.js Driver version 4.0.0 and will be removed in the next major version
(node:156111) [MONGODB DRIVER] Warning: useUnifiedTopology is a deprecated option: useUnifiedTopology has no effect since Node.js Driver version 4.0.0 and will be removed in the next major version
Server is running on https://app.wehealthify.org/proms
Connected to MongoDB
Connected to all databases
Server is running on https://app.wehealthify.org/patientlogin
{
  _id: new ObjectId('67ab41a9d366d0196aec8782'),
  firstName: 'Muhammad',
  lastName: 'Zakariya',
  username: 'mvh01_mzakariya',
  doctor_id: 'mvh01_mzakariya',
  password: '9585cf9382054af28313008d5c6efcaf:46dd6f64d0605300c6ce4ec8bb643d10',
  hashedusername: '026085924ca10b466aff71e33cc3ac61:2f872f24864ddb9ab4a0b60be622b31d',
  speciality: 'Orthopedic',
  hospital_code: 'MVH',
  site_code: 'MVH01',
  hospitalName: 'Maple Valley Hospital',
  loginCounter: 0,
  failedLogins: 0,
  lastLogin: null,
  isLocked: false,
  passwordChangedByAdmin: false,
  __v: 0
}
email: ajmalgiftysolutions@gmail.com
Attempting to send email...
b2a83a88501cdaac37bfe8431d56ea2ba99158b212ed96b56c3eac3d983a32f5 :speciality
firstName: Safiyyah 
Doc: Muhammad
Sending email to: ajmalgiftysolutions@gmail.com
Email Type: appointmentConfirmation
Speciality: Orthopedic
Formatted Datetime: 02/12/2025, 04:00 PM
Hashed MR No: b2a83a88501cdaac37bfe8431d56ea2ba99158b212ed96b56c3eac3d983a32f5
First Name: Safiyyah 
Doctor Name: Muhammad
In sendEmail
Email sent successfully
{
  _id: new ObjectId('67ab41a9d366d0196aec8782'),
  firstName: 'Muhammad',
  lastName: 'Zakariya',
  username: 'mvh01_mzakariya',
  doctor_id: 'mvh01_mzakariya',
  password: '9585cf9382054af28313008d5c6efcaf:46dd6f64d0605300c6ce4ec8bb643d10',
  hashedusername: '026085924ca10b466aff71e33cc3ac61:2f872f24864ddb9ab4a0b60be622b31d',
  speciality: 'Orthopedic',
  hospital_code: 'MVH',
  site_code: 'MVH01',
  hospitalName: 'Maple Valley Hospital',
  loginCounter: 0,
  failedLogins: 0,
  lastLogin: null,
  isLocked: false,
  passwordChangedByAdmin: false,
  __v: 0
}
email: ajmalgiftysolutions@gmail.com
Attempting to send email...
ea9619a66b2a405e8c917d8410ac914315865dda0c955c98bc0eb6b85f27a65d :speciality
firstName: Jawhar 
Doc: Muhammad
Sending email to: ajmalgiftysolutions@gmail.com
Email Type: appointmentConfirmation
Speciality: Orthopedic
Formatted Datetime: 02/12/2025, 03:00 PM
Hashed MR No: ea9619a66b2a405e8c917d8410ac914315865dda0c955c98bc0eb6b85f27a65d
First Name: Jawhar 
Doctor Name: Muhammad
In sendEmail
Email sent successfully
{
  _id: new ObjectId('67ab427cd366d0196aec8787'),
  firstName: 'Zohra',
  lastName: 'Begum',
  username: 'mvh01_zbegum',
  doctor_id: 'mvh01_zbegum',
  password: '0e516b4747f60cb841ada552614c4998:c29ebf0460b4bb766f24eb2eb8c38a59',
  hashedusername: 'be44b43f14667976d15916f10315b14e:6d307d360b9da592f154883cf9f0d45c',
  speciality: 'Gynecology ',
  hospital_code: 'MVH',
  site_code: 'MVH01',
  hospitalName: 'Maple Valley Hospital',
  loginCounter: 0,
  failedLogins: 0,
  lastLogin: null,
  isLocked: false,
  passwordChangedByAdmin: false,
  __v: 0
}
email: ajmalgiftysolutions@gmail.com
Attempting to send email...
d06f87354e493245a203fba80d1897f7209e7af376dbdc79892e4a73869002a9 :speciality
firstName: Bushra
Doc: Zohra
Sending email to: ajmalgiftysolutions@gmail.com
Email Type: appointmentConfirmation
Speciality: Gynecology 
Formatted Datetime: 02/12/2025, 10:00 AM
Hashed MR No: d06f87354e493245a203fba80d1897f7209e7af376dbdc79892e4a73869002a9
First Name: Bushra
Doctor Name: Zohra
In sendEmail
Email sent successfully
{
  _id: new ObjectId('67ab4147d366d0196aec877d'),
  firstName: 'Asim',
  lastName: 'Yusuf',
  username: 'mvh01_ayusuf',
  doctor_id: 'mvh01_ayusuf',
  password: '3785d7203277324b6017e88abcd3d019:205b9802af0fbcbec116cc9686fc4bbb',
  hashedusername: 'c66a7af9d7ea38fc651805d5e5d59ab3:0b9824d45aa53b3eae7595e6ce501008',
  speciality: 'Diabetology',
  hospital_code: 'MVH',
  site_code: 'MVH01',
  hospitalName: 'Maple Valley Hospital',
  loginCounter: 0,
  failedLogins: 0,
  lastLogin: null,
  isLocked: false,
  passwordChangedByAdmin: false,
  __v: 0
}
email: ajmalgiftysolutions@gmail.com
Attempting to send email...
3ba246730f72119465433703391d72c26b8c063a65f5538a24c1b3c515cd97b8 :speciality
firstName: Afeefa
Doc: Asim
Sending email to: ajmalgiftysolutions@gmail.com
Email Type: appointmentConfirmation
Speciality: Diabetology
Formatted Datetime: 02/12/2025, 11:00 AM
Hashed MR No: 3ba246730f72119465433703391d72c26b8c063a65f5538a24c1b3c515cd97b8
First Name: Afeefa
Doctor Name: Asim
In sendEmail
Email sent successfully
Login successful
English Summary: It looks like overall, your physical and mental health have been stable, which is fantastic. Your physical health is in the "Very Good" range, and your mental health is also doing quite well, resting within "Good" standing. Depression levels are minimal, which is a positive sign that progress is being made, though it’s crucial to maintain healthy habits and seek support when needed. Remember, it's normal to have ups and downs, but staying on top of these trends can help you address any changes proactively. Keep up the great work, and make sure to take time for self-care!

For additional help, please visit: https://wehealthify.org/
Arabic Translation: يبدو أن صحتك الجسدية والعقلية بشكل عام كانت مستقرة، وهذا أمر رائع. صحتك الجسدية تقع في نطاق "جيد جدًا"، وصحتك العقلية أيضًا تؤدي بشكل جيد، حيث تستقر ضمن نطاق "جيد". مستويات الاكتئاب ضئيلة، وهو علامة إيجابية على أن هناك تقدماً يتم تحقيقه، بالرغم من أنه من الضروري الحفاظ على العادات الصحية وطلب الدعم عند الحاجة. تذكر أن التقلبات أمر طبيعي، لكن البقاء على دراية بهذه الاتجاهات يمكن أن يساعدك في معالجة أي تغييرات بشكل استباقي. واصل العمل الجيد، وتأكد من أخذ الوقت للاهتمام بنفسك!

للحصول على مساعدة إضافية، يرجى زيارة: https://wehealthify.org/
Error generating AI message: TypeError: Assignment to constant variable.
    at /home/proms/Prod-Proms/proms/common_login/server.js:1346:23
    at process.processTicksAndRejections (node:internal/process/task_queues:95:5)
Python scripts executed successfully.

[DEBUG] Filtered patient_health_scores:
 date,months_since_baseline,score,trace_name,title,ymin,ymax,event_date,event
2024-04-10,1,5,ICIQ_UI SF,Urinary Incontinence Score (Pregnancy),0,21,2024-11-20,Pelvic Floor Exercise
2024-11-20,8,13,ICIQ_UI SF,Urinary Incontinence Score (Pregnancy),0,21,2024-11-20,Pelvic Floor Exercise
2025-02-12,11,14,ICIQ_UI SF,Urinary Incontinence Score (Pregnancy),0,21,2024-11-20,Pelvic Floor Exercise
2024-04-10,1,5,WEXNER,Wexner Incontinence Score (Pregnancy),0,20,2024-11-20,Pelvic Floor Exercise
2024-11-20,8,11,WEXNER,Wexner Incontinence Score (Pregnancy),0,20,2024-11-20,Pelvic Floor Exercise
2025-02-12,11,16,WEXNER,Wexner Incontinence Score (Pregnancy),0,20,2024-11-20,Pelvic Floor Exercise


[DEBUG] Filtered severityLevels:
 Scale,Severity,Color,Chart_Range_Min,Chart_Range_Max,Actual_Range_Min,Actual_Range_Max
WEXNER,Mild,#00ff00,0,5,0,4
WEXNER,Moderate,#ffff00,5,9,5,8
WEXNER,Severe,#ff0000,9,20,9,+
ICIQ_UI SF,Slight,#7fff00,0,5,0,5
ICIQ_UI SF,Moderate,#ffff00,5,12,6,12
ICIQ_UI SF,Severe,#ff7f00,12,18,13,18
ICIQ_UI SF,Very Severe,#ff0000,18,21,19,21
Login successful
Using existing AI message (English and Arabic).
Python scripts executed successfully.

[DEBUG] Filtered patient_health_scores:
 date,months_since_baseline,score,trace_name,title,ymin,ymax,event_date,event
2025-02-12,1,21,EPDS,Postnatal Depression Score (Pregnancy),0,30,,


[DEBUG] Filtered severityLevels:
 Scale,Severity,Color,Chart_Range_Min,Chart_Range_Max,Actual_Range_Min,Actual_Range_Max
EPDS,None - Minimal,#00ff00,0,10,0,9
EPDS,Mild,#7fff00,10,13,10,12
EPDS,Moderate,#ff7f00,13,15,13,15
EPDS,Severe,#ff0000,15,30,16,+
Login successful
Using existing AI message (English and Arabic).
Python scripts executed successfully.

[DEBUG] Filtered patient_health_scores:
 date,months_since_baseline,score,trace_name,title,ymin,ymax,event_date,event
2025-02-12,1,14,EPDS,Postnatal Depression Score (Pregnancy),0,30,,


[DEBUG] Filtered severityLevels:
 Scale,Severity,Color,Chart_Range_Min,Chart_Range_Max,Actual_Range_Min,Actual_Range_Max
EPDS,None - Minimal,#00ff00,0,10,0,9
EPDS,Mild,#7fff00,10,13,10,12
EPDS,Moderate,#ff7f00,13,15,13,15
EPDS,Severe,#ff0000,15,30,16,+
Python scripts executed successfully.

[DEBUG] Filtered patient_health_scores:
 date,months_since_baseline,score,trace_name,title,ymin,ymax,event_date,event
2025-02-12,1,10,EPDS,Postnatal Depression Score (Pregnancy),0,30,,


[DEBUG] Filtered severityLevels:
 Scale,Severity,Color,Chart_Range_Min,Chart_Range_Max,Actual_Range_Min,Actual_Range_Max
EPDS,None - Minimal,#00ff00,0,10,0,9
EPDS,Mild,#7fff00,10,13,10,12
EPDS,Moderate,#ff7f00,13,15,13,15
EPDS,Severe,#ff0000,15,30,16,+
Login successful
Using existing AI message (English and Arabic).
Python scripts executed successfully.

[DEBUG] Filtered patient_health_scores:
 date,months_since_baseline,score,trace_name,title,ymin,ymax,event_date,event
2025-02-12,1,9,EPDS,Postnatal Depression Score (Pregnancy),0,30,,


[DEBUG] Filtered severityLevels:
 Scale,Severity,Color,Chart_Range_Min,Chart_Range_Max,Actual_Range_Min,Actual_Range_Max
EPDS,None - Minimal,#00ff00,0,10,0,9
EPDS,Mild,#7fff00,10,13,10,12
EPDS,Moderate,#ff7f00,13,15,13,15
EPDS,Severe,#ff0000,15,30,16,+
Login successful
Using existing AI message (English and Arabic).
Login successful
Using existing AI message (English and Arabic).
Python scripts executed successfully.
