2024-08-09T07:23:51.341Z - Doctor fds from ABCD added a note for patient Mr_no: 88 at 8/9/2024, 12:53:51 PM - Note: Good Health as of now
2024-08-09T07:24:05.585Z - Doctor fds from ABCD added an event for patient Mr_no: 88 at 8/9/2024, 12:54:05 PM - Event: Injection-RE
2024-08-09T07:24:11.181Z - Doctor fds from ABCD added ICD code 00051 for patient Mr_no: 88 on 2024-08-09
2024-08-13T16:19:36.508Z - Doctor Ravi_2 from ABCD added an event for patient Mr_no: 66 at 8/13/2024, 9:49:36 PM - Event: Injection-Diabets
2024-08-13T16:20:15.735Z - Doctor Ravi_2 from ABCD added an event for patient Mr_no: 66 at 8/13/2024, 9:50:15 PM - Event: Surgery
2024-08-22T12:11:55.291Z - Doctor cre_lchong from CRE added an event for patient Mr_no: 344 at 8/22/2024, 5:41:55 PM - Event: Surgery
2024-08-22T12:13:47.727Z - Doctor cre_lchong from CRE added a note for patient Mr_no: 344 at 8/22/2024, 5:43:47 PM - Note: Hello

2024-08-23T17:24:20.332Z - Doctor wgh_mbrown from WGH added an event for patient Mr_no: 874 at 8/23/2024, 10:54:20 PM - Event:  GLP-1 receptor agonist.
2024-08-23T17:25:48.194Z - Doctor wgh_mbrown from WGH added ICD code 79470 for patient Mr_no: 874 on 2024-08-23
2024-08-23T17:31:13.106Z - Doctor wgh_mbrown from WGH added a note for patient Mr_no: 874 at 8/23/2024, 11:01:13 PM - Note: Continue Same Medicine as health is better now
2024-08-23T17:31:31.983Z - Doctor wgh_mbrown from WGH added ICD code 00124 for patient Mr_no: 874 on 2024-08-23
2024-08-26T10:17:49.806Z - Doctor wgh_mb_mdavis from WGH added an event for patient Mr_no: 454 at 8/26/2024, 3:47:49 PM - Event: Injection-Diabets
2024-08-26T11:19:04.296Z - Doctor wgh_mb_mdavis from WGH added an event for patient Mr_no: 6345 at 8/26/2024, 4:49:04 PM - Event: Injection-Diabets
2024-08-26T11:21:30.715Z - Doctor wgh_mb_mdavis from WGH added an event for patient Mr_no: 6345 at 8/26/2024, 4:51:30 PM - Event: Injection-Diabets
2024-08-26T11:27:02.890Z - Doctor wgh_mb_mdavis from WGH added an event for patient Mr_no: 6345 at 8/26/2024, 4:57:02 PM - Event: Injection-Diabets
2024-08-26T11:35:33.237Z - Doctor wgh_mb_mdavis from WGH added an event for patient Mr_no: 6345 at 8/26/2024, 5:05:33 PM - Event: Injection-Diabets
2024-08-26T11:36:53.237Z - Doctor wgh_mb_mdavis from WGH added an event for patient Mr_no: 6345 at 8/26/2024, 5:06:53 PM - Event: Injection-Diabets
2024-08-26T11:52:57.208Z - Doctor wgh_mb_mdavis from WGH added an event for patient Mr_no: 6345 at 8/26/2024, 5:22:57 PM - Event: Surgery
2024-08-26T11:57:35.756Z - Doctor wgh_mb_mdavis from WGH added an event for patient Mr_no: 6345 at 8/26/2024, 5:27:35 PM - Event: gtyut
2024-08-26T12:07:34.077Z - Doctor wgh_mb_mdavis from WGH added an event for patient Mr_no: 6345 at 8/26/2024, 5:37:34 PM - Event: Surgery
2024-08-26T12:09:28.649Z - Doctor wgh_mb_mdavis from WGH added an event for patient Mr_no: 6345 at 8/26/2024, 5:39:28 PM - Event: Surgery
2024-08-26T12:12:31.615Z - Doctor wgh_mb_mdavis from WGH added an event for patient Mr_no: 6345 at 8/26/2024, 5:42:31 PM - Event: Surgery
2024-08-26T12:16:20.755Z - Doctor wgh_mb_mdavis from WGH added an event for patient Mr_no: 6345 at 8/26/2024, 5:46:20 PM - Event: Injection-REjfhsdjfds
2024-08-26T12:23:50.789Z - Doctor wgh_mb_mdavis from WGH added an event for patient Mr_no: 6345 at 8/26/2024, 5:53:50 PM - Event: Surgery
2024-08-26T12:24:51.207Z - Doctor wgh_mb_mdavis from WGH added an event for patient Mr_no: 6345 at 8/26/2024, 5:54:51 PM - Event: Injection-Diabets
2024-08-26T12:29:47.967Z - Doctor wgh_mb_mdavis from WGH added an event for patient Mr_no: 6345 at 8/26/2024, 5:59:47 PM - Event: Injection-REjfhsdjfds
2024-08-26T12:33:57.393Z - Doctor wgh_mb_mdavis from WGH added an event for patient Mr_no: 6345 at 8/26/2024, 6:03:57 PM - Event: Surgery
2024-08-26T12:34:05.323Z - Doctor wgh_mb_mdavis from WGH added an event for patient Mr_no: 6345 at 8/26/2024, 6:04:05 PM - Event: Surgery
2024-08-26T12:36:06.667Z - Doctor wgh_mb_mdavis from WGH added an event for patient Mr_no: 6345 at 8/26/2024, 6:06:06 PM - Event: Surgerydfs
2024-08-26T12:40:47.256Z - Doctor wgh_mb_mdavis from WGH added an event for patient Mr_no: 6345 at 8/26/2024, 6:10:47 PM - Event: sfdsfds
2024-08-26T12:53:15.525Z - Doctor wgh_mb_mdavis from WGH added an event for patient Mr_no: 6345 at 8/26/2024, 6:23:15 PM - Event: Surgery
