nohup: ignoring input
The patient password generation is running at https://app.wehealthify.org/patientpassword
(node:156341) [MONGODB DRIVER] Warning: useNewUrlParser is a deprecated option: useNewUrlParser has no effect since Node.js Driver version 4.0.0 and will be removed in the next major version
(Use `node --trace-warnings ...` to show where the warning was created)
(node:156341) [MONGODB DRIVER] Warning: useUnifiedTopology is a deprecated option: useUnifiedTopology has no effect since Node.js Driver version 4.0.0 and will be removed in the next major version
Connected successfully to server
Searching for patient with: { Mr_no: 'mvh01-100', dob: '02/12/2025' }
Patient not found or hashMrNo is missing
Searching for patient with: { Mr_no: '9003', dob: '01/01/1990' }
Patient found: {
  _id: new ObjectId('67aaf2936612111a2870b5b9'),
  Mr_no: '9003',
  firstName: 'Aisha',
  middleName: '',
  lastName: 'AlQahtani',
  gender: 'female',
  DOB: '01/01/1990',
  datetime: '02/11/2025, 12:00 PM',
  specialities: [
    {
      name: 'POST (PREGNANCY AND CHILDBIRTH)',
      timestamp: '02/11/2025, 12:00 PM',
      doctor_ids: [Array]
    }
  ],
  speciality: 'POST (PREGNANCY AND CHILDBIRTH)',
  phoneNumber: '+966 55 987 6543',
  email: 'gifty@gmail.com',
  hospital_code: 'SMH',
  site_code: 'SMH_01',
  surveyStatus: 'Completed',
  hashedMrNo: '4023f322ac7a0e30e78e71cc1e686b2aa43c989d9f55d02412144620ec21a7a2',
  emailLogs: [
    {
      type: 'appointment notification sent',
      speciality: 'POST (PREGNANCY AND CHILDBIRTH)',
      timestamp: 2025-02-11T06:47:48.942Z
    }
  ],
  password: '441dade485ffdd42c9374de3780357c9:41739cd0e714d7d74b7899ab5e7775cc',
  appointmentFinished: 1,
  Codes: [],
  Events: [],
  __v: 1,
  doctorNotes: [],
  SurveyEntry: {
    EPDS_0: {
      survey_id: 'epds_0',
      survey_name: 'EPDS',
      site_code: 'SMH_01',
      pre_post_indicator: 'pre_operative',
      surveyEvents: [Array]
    }
  },
  EPDS: {
    EPDS_0: {
      Mr_no: '9003',
      lang: 'en',
      'I have been able to laugh and see the funny side of things': '2',
      'I have looked forward with enjoyment to things': '1',
      'I have blamed myself unnecessarily when things went wrong': '2',
      'I have been anxious or worried for no good reason': '2',
      'I have felt scared or panicky for no good reason': '2',
      'Things have been getting to me': '3',
      'I have been so unhappy that I have had difficulty sleeping': '2',
      'I have felt sad or miserable': '2',
      'I have been so unhappy that I have been crying': '3',
      'The thought of harming myself has occurred to me': '2',
      timestamp: '2025-02-12T07:18:45.697Z'
    }
  },
  SurveyData: {
    EPDS: [ [Object] ],
    patient_health_scores: [ [Object] ],
    API_SURVEYS: []
  },
  aiMessageDoctorArabic: '<p><strong>التغيرات الإيجابية:</strong></p>\n' +
    '<ul>\n' +
    '<li>يُظهر مقياس EPDS للمريض الذي يعادل 21 نقطة وجود حالة ضمن النطاق الشديد، ومع ذلك، فإنه أقل من الحد الأقصى المحتمل ضمن هذا النطاق، مما يُشير إلى وجود مجال لتحسن محتمل مع التدخل المناسب.</li>\n' +
    '</ul>\n' +
    '<p><strong>التغيرات السلبية:</strong></p>\n' +
    '<ul>\n' +
    '<li>اعتبارًا من 12 فبراير 2025، تُشير درجة EPDS للمريض التي تبلغ 21 إلى اكتئاب ما بعد الولادة الشديد.</li>\n' +
    '<li>لقد زادت الدرجة منذ خط الأساس، مما يُشير إلى تدهور كبير في حالة الصحة النفسية للمريض.</li>\n' +
    '</ul>',
  aiMessageDoctorEnglish: '<p><strong>Positive Changes:</strong></p>\n' +
    '<ul>\n' +
    "<li>The patient's EPDS score of 21 indicates movement within the severe range, however, it is lower than the possible maximum within that range, suggesting room for potential improvement with intervention.</li>\n" +
    '</ul>\n' +
    '<p><strong>Negative Changes:</strong></p>\n' +
    '<ul>\n' +
    "<li>As of February 12, 2025, the patient's EPDS score is 21, indicating severe postnatal depression.</li>\n" +
    "<li>The score has increased since the baseline, representing a significant deterioration in the patient's mental health status.</li>\n" +
    '</ul>',
  aiMessageDoctorTimestamp: '02/12/2025, 07:18 AM',
  aiMessage: "You've been adjusting to parenthood for a short time now, and your Postnatal Depression Score is currently at 21, indicating a severe level of postnatal depression. It's understandable to feel overwhelmed during this time, but it's important to remember that you're not alone. Seeking support can make a big difference. Reach out to your healthcare provider or a support network for guidance and resources to help you feel more in control and supported. Take things one day at a time, and focus on small steps forward. You're strong, and there's hope for brighter days ahead.\n" +
    '\n' +
    'For additional help, please visit: https://wehealthify.org/',
  aiMessageArabic: 'لقد كنت تتأقلم مع الأمومة لفترة قصيرة الآن، ودرجة اكتئاب ما بعد الولادة لديك حاليًا هي 21، مما يشير إلى مستوى شديد من اكتئاب ما بعد الولادة. من المفهوم أن تشعر بالإرهاق خلال هذا الوقت، ولكن من المهم أن تتذكر أنك لست وحدك. طلب الدعم يمكن أن يُحدث فرقًا كبيرًا. يمكنك التواصل مع مقدم الرعاية الصحية الخاص بك أو شبكة دعم للحصول على الإرشاد والموارد التي يمكن أن تساعدك في الشعور بمزيد من التحكم والدعم. خذ الأمور يومًا بيوم، وركز على خطوات صغيرة إلى الأمام. أنت قوي، وهناك أمل في أيام أكثر إشراقًا في المستقبل.\n' +
    '\n' +
    'للحصول على مساعدة إضافية، يرجى زيارة: https://wehealthify.org/',
  aiMessageGeneratedAt: 2025-02-12T07:19:01.194Z
}
hashedMrNo found: 4023f322ac7a0e30e78e71cc1e686b2aa43c989d9f55d02412144620ec21a7a2
Received hashMrNo: 4023f322ac7a0e30e78e71cc1e686b2aa43c989d9f55d02412144620ec21a7a2
Received DOB: 01/01/1990
(node:156341) [MONGODB DRIVER] Warning: useNewUrlParser is a deprecated option: useNewUrlParser has no effect since Node.js Driver version 4.0.0 and will be removed in the next major version
(node:156341) [MONGODB DRIVER] Warning: useUnifiedTopology is a deprecated option: useUnifiedTopology has no effect since Node.js Driver version 4.0.0 and will be removed in the next major version
Connected successfully to server
Patient found: {
  _id: new ObjectId('67aaf2936612111a2870b5b9'),
  Mr_no: '9003',
  firstName: 'Aisha',
  middleName: '',
  lastName: 'AlQahtani',
  gender: 'female',
  DOB: '01/01/1990',
  datetime: '02/11/2025, 12:00 PM',
  specialities: [
    {
      name: 'POST (PREGNANCY AND CHILDBIRTH)',
      timestamp: '02/11/2025, 12:00 PM',
      doctor_ids: [Array]
    }
  ],
  speciality: 'POST (PREGNANCY AND CHILDBIRTH)',
  phoneNumber: '+966 55 987 6543',
  email: 'gifty@gmail.com',
  hospital_code: 'SMH',
  site_code: 'SMH_01',
  surveyStatus: 'Completed',
  hashedMrNo: '4023f322ac7a0e30e78e71cc1e686b2aa43c989d9f55d02412144620ec21a7a2',
  emailLogs: [
    {
      type: 'appointment notification sent',
      speciality: 'POST (PREGNANCY AND CHILDBIRTH)',
      timestamp: 2025-02-11T06:47:48.942Z
    }
  ],
  password: '441dade485ffdd42c9374de3780357c9:41739cd0e714d7d74b7899ab5e7775cc',
  appointmentFinished: 1,
  Codes: [],
  Events: [],
  __v: 1,
  doctorNotes: [],
  SurveyEntry: {
    EPDS_0: {
      survey_id: 'epds_0',
      survey_name: 'EPDS',
      site_code: 'SMH_01',
      pre_post_indicator: 'pre_operative',
      surveyEvents: [Array]
    }
  },
  EPDS: {
    EPDS_0: {
      Mr_no: '9003',
      lang: 'en',
      'I have been able to laugh and see the funny side of things': '2',
      'I have looked forward with enjoyment to things': '1',
      'I have blamed myself unnecessarily when things went wrong': '2',
      'I have been anxious or worried for no good reason': '2',
      'I have felt scared or panicky for no good reason': '2',
      'Things have been getting to me': '3',
      'I have been so unhappy that I have had difficulty sleeping': '2',
      'I have felt sad or miserable': '2',
      'I have been so unhappy that I have been crying': '3',
      'The thought of harming myself has occurred to me': '2',
      timestamp: '2025-02-12T07:18:45.697Z'
    }
  },
  SurveyData: {
    EPDS: [ [Object] ],
    patient_health_scores: [ [Object] ],
    API_SURVEYS: []
  },
  aiMessageDoctorArabic: '<p><strong>التغيرات الإيجابية:</strong></p>\n' +
    '<ul>\n' +
    '<li>يُظهر مقياس EPDS للمريض الذي يعادل 21 نقطة وجود حالة ضمن النطاق الشديد، ومع ذلك، فإنه أقل من الحد الأقصى المحتمل ضمن هذا النطاق، مما يُشير إلى وجود مجال لتحسن محتمل مع التدخل المناسب.</li>\n' +
    '</ul>\n' +
    '<p><strong>التغيرات السلبية:</strong></p>\n' +
    '<ul>\n' +
    '<li>اعتبارًا من 12 فبراير 2025، تُشير درجة EPDS للمريض التي تبلغ 21 إلى اكتئاب ما بعد الولادة الشديد.</li>\n' +
    '<li>لقد زادت الدرجة منذ خط الأساس، مما يُشير إلى تدهور كبير في حالة الصحة النفسية للمريض.</li>\n' +
    '</ul>',
  aiMessageDoctorEnglish: '<p><strong>Positive Changes:</strong></p>\n' +
    '<ul>\n' +
    "<li>The patient's EPDS score of 21 indicates movement within the severe range, however, it is lower than the possible maximum within that range, suggesting room for potential improvement with intervention.</li>\n" +
    '</ul>\n' +
    '<p><strong>Negative Changes:</strong></p>\n' +
    '<ul>\n' +
    "<li>As of February 12, 2025, the patient's EPDS score is 21, indicating severe postnatal depression.</li>\n" +
    "<li>The score has increased since the baseline, representing a significant deterioration in the patient's mental health status.</li>\n" +
    '</ul>',
  aiMessageDoctorTimestamp: '02/12/2025, 07:18 AM',
  aiMessage: "You've been adjusting to parenthood for a short time now, and your Postnatal Depression Score is currently at 21, indicating a severe level of postnatal depression. It's understandable to feel overwhelmed during this time, but it's important to remember that you're not alone. Seeking support can make a big difference. Reach out to your healthcare provider or a support network for guidance and resources to help you feel more in control and supported. Take things one day at a time, and focus on small steps forward. You're strong, and there's hope for brighter days ahead.\n" +
    '\n' +
    'For additional help, please visit: https://wehealthify.org/',
  aiMessageArabic: 'لقد كنت تتأقلم مع الأمومة لفترة قصيرة الآن، ودرجة اكتئاب ما بعد الولادة لديك حاليًا هي 21، مما يشير إلى مستوى شديد من اكتئاب ما بعد الولادة. من المفهوم أن تشعر بالإرهاق خلال هذا الوقت، ولكن من المهم أن تتذكر أنك لست وحدك. طلب الدعم يمكن أن يُحدث فرقًا كبيرًا. يمكنك التواصل مع مقدم الرعاية الصحية الخاص بك أو شبكة دعم للحصول على الإرشاد والموارد التي يمكن أن تساعدك في الشعور بمزيد من التحكم والدعم. خذ الأمور يومًا بيوم، وركز على خطوات صغيرة إلى الأمام. أنت قوي، وهناك أمل في أيام أكثر إشراقًا في المستقبل.\n' +
    '\n' +
    'للحصول على مساعدة إضافية، يرجى زيارة: https://wehealthify.org/',
  aiMessageGeneratedAt: 2025-02-12T07:19:01.194Z
}
